<?xml version="1.0" encoding="UTF-8"?>
<testsuite xmlns:xsi="http://www.w3.org/2001/XMLSchema-instance" xsi:noNamespaceSchemaLocation="https://maven.apache.org/surefire/maven-surefire-plugin/xsd/surefire-test-report-3.0.xsd" version="3.0" name="fatec.poo.crud_prod.CrudProdApplicationTests" time="9.606" tests="1" errors="0" skipped="0" failures="0">
  <properties>
[...]
</properties>
  <testcase name="contextLoads" classname="fatec.poo.crud_prod.CrudProdApplicationTests" time="0.62">
    <system-out><![CDATA[17:40:25.422 [main] INFO org.springframework.test.context.support.AnnotationConfigContextLoaderUtils -- Could not detect default configuration classes for test class [fatec.poo.crud_prod.CrudProdApplicationTests]: CrudProdApplicationTests does not declare any static, non-private, non-final, nested classes annotated with @Configuration.
17:40:25.588 [main] INFO org.springframework.boot.test.context.SpringBootTestContextBootstrapper -- Found @SpringBootConfiguration fatec.poo.crud_prod.CrudProdApplication for test class fatec.poo.crud_prod.CrudProdApplicationTests
17:40:25.861 [main] INFO org.springframework.boot.devtools.restart.RestartApplicationListener -- Restart disabled due to context in which it is running

  .   ____          _            __ _ _
 /\\ / ___'_ __ _ _(_)_ __  __ _ \ \ \ \
( ( )\___ | '_ | '_| | '_ \/ _` | \ \ \ \
 \\/  ___)| |_)| | | | | || (_| |  ) ) ) )
  '  |____| .__|_| |_|_| |_\__, | / / / /
 =========|_|==============|___/=/_/_/_/

 :: Spring Boot ::                (v3.3.5)

2024-11-06T17:40:26.181-03:00  INFO 13272 --- [crud-prod] [           main] f.p.crud_prod.CrudProdApplicationTests   : Starting CrudProdApplicationTests using Java 21.0.2 with PID 13272 (started by joao7 in C:\Users\joao7\Documents\Fatec\4º Semestre\POO\Aula 08\crud-prod)
2024-11-06T17:40:26.183-03:00  INFO 13272 --- [crud-prod] [           main] f.p.crud_prod.CrudProdApplicationTests   : No active profile set, falling back to 1 default profile: "default"
2024-11-06T17:40:27.093-03:00  INFO 13272 --- [crud-prod] [           main] .s.d.r.c.RepositoryConfigurationDelegate : Bootstrapping Spring Data JPA repositories in DEFAULT mode.
2024-11-06T17:40:27.168-03:00  INFO 13272 --- [crud-prod] [           main] .s.d.r.c.RepositoryConfigurationDelegate : Finished Spring Data repository scanning in 62 ms. Found 1 JPA repository interface.
2024-11-06T17:40:27.909-03:00  INFO 13272 --- [crud-prod] [           main] o.hibernate.jpa.internal.util.LogHelper  : HHH000204: Processing PersistenceUnitInfo [name: default]
2024-11-06T17:40:28.012-03:00  INFO 13272 --- [crud-prod] [           main] org.hibernate.Version                    : HHH000412: Hibernate ORM core version 6.5.3.Final
2024-11-06T17:40:28.063-03:00  INFO 13272 --- [crud-prod] [           main] o.h.c.internal.RegionFactoryInitiator    : HHH000026: Second-level cache disabled
2024-11-06T17:40:28.519-03:00  INFO 13272 --- [crud-prod] [           main] o.s.o.j.p.SpringPersistenceUnitInfo      : No LoadTimeWeaver setup: ignoring JPA class transformer
2024-11-06T17:40:28.567-03:00  INFO 13272 --- [crud-prod] [           main] com.zaxxer.hikari.HikariDataSource       : HikariPool-1 - Starting...
2024-11-06T17:40:29.010-03:00  INFO 13272 --- [crud-prod] [           main] com.zaxxer.hikari.pool.HikariPool        : HikariPool-1 - Added connection oracle.jdbc.driver.T4CConnection@30cafd13
2024-11-06T17:40:29.012-03:00  INFO 13272 --- [crud-prod] [           main] com.zaxxer.hikari.HikariDataSource       : HikariPool-1 - Start completed.
2024-11-06T17:40:30.452-03:00  INFO 13272 --- [crud-prod] [           main] o.h.e.t.j.p.i.JtaPlatformInitiator       : HHH000489: No JTA platform available (set 'hibernate.transaction.jta.platform' to enable JTA platform integration)
Hibernate: create table produto (id number(10,0) generated as identity, descrição varchar2(255 char), preço float(53), primary key (id))
2024-11-06T17:40:33.090-03:00  INFO 13272 --- [crud-prod] [           main] j.LocalContainerEntityManagerFactoryBean : Initialized JPA EntityManagerFactory for persistence unit 'default'
2024-11-06T17:40:33.547-03:00  WARN 13272 --- [crud-prod] [           main] JpaBaseConfiguration$JpaWebConfiguration : spring.jpa.open-in-view is enabled by default. Therefore, database queries may be performed during view rendering. Explicitly configure spring.jpa.open-in-view to disable this warning
2024-11-06T17:40:34.024-03:00  INFO 13272 --- [crud-prod] [           main] f.p.crud_prod.CrudProdApplicationTests   : Started CrudProdApplicationTests in 8.189 seconds (process running for 10.057)
]]></system-out>
    <system-err><![CDATA[WARNING: A Java agent has been loaded dynamically (C:\Users\joao7\.m2\repository\net\bytebuddy\byte-buddy-agent\1.14.19\byte-buddy-agent-1.14.19.jar)
WARNING: If a serviceability tool is in use, please run with -XX:+EnableDynamicAgentLoading to hide this warning
WARNING: If a serviceability tool is not in use, please run with -Djdk.instrument.traceUsage for more information
WARNING: Dynamic loading of agents will be disallowed by default in a future release
]]></system-err>
  </testcase>
</testsuite>